<?xml version="1.0" encoding="UTF-8"?>
<testng-results ignored="0" total="1" passed="1" failed="0" skipped="0">
  <reporter-output>
  </reporter-output>
  <suite started-at="2023-08-27T18:56:43 IST" name="WindowsTestSuites" finished-at="2023-08-27T18:57:37 IST" duration-ms="54041">
    <groups>
    </groups>
    <test started-at="2023-08-27T18:56:43 IST" name="WindowsTests" finished-at="2023-08-27T18:57:37 IST" duration-ms="54041">
      <class name="com.herokuapp.theinternet.windowstests.WindowsTests">
        <test-method is-config="true" signature="setUp(java.lang.String,org.testng.ITestContext)[pri:0, instance:com.herokuapp.theinternet.windowstests.WindowsTests@3349e9bb]" started-at="2023-08-27T18:56:43 IST" name="setUp" finished-at="2023-08-27T18:57:21 IST" duration-ms="38237" status="PASS">
          <params>
            <param index="0">
              <value>
                <![CDATA[chrome]]>
              </value>
            </param>
            <param index="1">
              <value>
                <![CDATA[org.testng.TestRunner@7e642b88]]>
              </value>
            </param>
          </params>
          <reporter-output>
          </reporter-output>
        </test-method> <!-- setUp -->
        <test-method signature="newWindowTest()[pri:0, instance:com.herokuapp.theinternet.windowstests.WindowsTests@3349e9bb]" started-at="2023-08-27T18:57:21 IST" name="newWindowTest" finished-at="2023-08-27T18:57:36 IST" duration-ms="14912" status="PASS">
          <reporter-output>
          </reporter-output>
        </test-method> <!-- newWindowTest -->
        <test-method is-config="true" signature="tearDown()[pri:0, instance:com.herokuapp.theinternet.windowstests.WindowsTests@3349e9bb]" started-at="2023-08-27T18:57:36 IST" name="tearDown" finished-at="2023-08-27T18:57:37 IST" duration-ms="805" status="PASS">
          <reporter-output>
          </reporter-output>
        </test-method> <!-- tearDown -->
      </class> <!-- com.herokuapp.theinternet.windowstests.WindowsTests -->
    </test> <!-- WindowsTests -->
  </suite> <!-- WindowsTestSuites -->
</testng-results>
